MPASM  5.35beta                            SL.ASM   5-16-2014  12:11:33         PAGE  1


LOC  OBJECT CODE     LINE SOURCE TEXT
  VALUE

                      00001 ;---------------------ENCABEZADO------------------------
                      00002           #INCLUDE<P16F84A.INC>
                      00001         LIST
                      00002 ; P16F84A.INC  Standard Header File, Version 2.00    Microchip Technology, Inc.
                      00134         LIST
2007   3FF1           00003           __CONFIG _XT_OSC & _CP_OFF & _PWRTE_ON & _WDT_OFF
                      00004 
                      00005           CBLOCK 0CH
  0000000C            00006           aux1
  0000000D            00007           aux2
  0000000E            00008           aux3
  0000000F            00009           aux4
  00000010            00010           aux5
  00000011            00011           aux6
  00000012            00012           aux7
  00000013            00013           aux8
  00000014            00014           aux9
  00000015            00015           aux10
  00000016            00016           aux11
  00000017            00017           aux12
  00000018            00018           aux13
  00000019            00019           aux14
  0000001A            00020           aux15
  0000001B            00021                         AUX16
  0000001C            00022                         AUX17
  0000001D            00023           contador
  0000001E            00024                   MOV
                      00025           ENDC
                      00026 
                      00027           ORG    000H
                      00028                           ;GOTO   INICIO
                      00029                           ;ORG    005H
                      00030                           
                      00031 ;------------------CONFIGURACION-----------
0000   1683           00032 INICIO:   BSF     STATUS,RP0
0001   3070           00033           MOVLW   b'01110000'
Message[302]: Register in operand not in bank 0.  Ensure that bank bits are correct.
0002   0086           00034           MOVWF   TRISB
Message[302]: Register in operand not in bank 0.  Ensure that bank bits are correct.
0003   0185           00035           CLRF    TRISA
0004   1283           00036           BCF     STATUS,RP0
                      00037 
0005   0185           00038           CLRF    PORTA
0006   0186           00039           CLRF    PORTB
                      00040         
                      00041 ;-----------------VALORES DE COMPARACION----
0007   3004           00042           MOVLW   .4
0008   009D           00043           MOVWF   contador
                      00044 
0009   3020           00045           MOVLW   b'00100000' ;ADELANTE
000A   0090           00046           MOVWF   aux5
                      00047 
000B   3010           00048           MOVLW   b'00010000' ;DERECHA
MPASM  5.35beta                            SL.ASM   5-16-2014  12:11:33         PAGE  2


LOC  OBJECT CODE     LINE SOURCE TEXT
  VALUE

000C   0091           00049           MOVWF   aux6
                      00050 
000D   3030           00051           MOVLW   b'00110000' ;DERECHA
000E   0092           00052           MOVWF   aux7
                      00053 
000F   3000           00054           MOVLW   b'00000000' ;ATRAS
0010   0093           00055           MOVWF   aux8
                      00056 
0011   3040           00057           MOVLW   b'01000000' ;IZQ
0012   0094           00058           MOVWF   aux9
                      00059 
0013   3060           00060           MOVLW   b'01100000' ;IZQ
0014   0095           00061           MOVWF   aux10
                      00062 
                      00063 ;       ==CASOS ESPECIALES==
                      00064 
0015   3050           00065           MOVLW   b'01010000' ;DER
0016   0096           00066           MOVWF   aux11
                      00067 
0017   3070           00068           MOVLW   b'01110000' ;IZQ
0018   0097           00069           MOVWF   aux12
                      00070 
                      00071 ;       ==VALORES DE MOV==
                      00072 
0019   3001           00073           MOVLW   01H ;ULTIMO DERECHA
001A   009B           00074           MOVWF   AUX16
                      00075 
001B   3002           00076           MOVLW   02H ;ULTIMO IZQUIERDA
001C   009C           00077           MOVWF   AUX17
                      00078 
                      00079 ;----------------INICIO DE DECISIONES------------
                      00080 
001D   0806           00081 CICLO:    MOVF    PORTB,0
001E   0610           00082           XORWF   aux5,0
001F   1903           00083           BTFSC   STATUS,2
0020   2???           00084           GOTO    ADELANTE
                      00085 
0021   0806           00086           MOVF   PORTB,0
0022   0611           00087           XORWF   aux6,0
0023   1903           00088           BTFSC   STATUS,2
0024   2???           00089           GOTO    DERECHA
                      00090 
0025   0806           00091           MOVF    PORTB,0
0026   0612           00092           XORWF   aux7,0
0027   1903           00093           BTFSC   STATUS,2
0028   2???           00094           GOTO    DERECHA
                      00095 
0029   0806           00096           MOVF    PORTB,0
002A   0613           00097           XORWF   aux8,0
002B   1903           00098           BTFSC   STATUS,2
002C   2???           00099           GOTO    ATRAS
                      00100 
002D   0806           00101           MOVF    PORTB,0
MPASM  5.35beta                            SL.ASM   5-16-2014  12:11:33         PAGE  3


LOC  OBJECT CODE     LINE SOURCE TEXT
  VALUE

002E   0614           00102           XORWF   aux9,0
002F   1903           00103           BTFSC   STATUS,2
0030   2???           00104           GOTO    IZQUIERDA
                      00105 
0031   0806           00106           MOVF    PORTB,0
0032   0615           00107           XORWF   aux10,0
0033   1903           00108           BTFSC   STATUS,2
0034   2???           00109           GOTO    IZQUIERDA
                      00110 
0035   0806           00111           MOVF    PORTB,0
0036   0616           00112           XORWF   aux11,0
0037   1903           00113           BTFSC   STATUS,2
0038   2???           00114           GOTO    DERECHA
                      00115 
0039   0806           00116           MOVF    PORTB,0
003A   0617           00117           XORWF   aux12,0
003B   1903           00118           BTFSC   STATUS,2
003C   2???           00119           GOTO    IZQUIERDA     ;Tomar en cuenta el giro en la pista.
003D   2???           00120           GOTO    CICLO
                      00121 
                      00122 ;-------------MOVIMIENTOS--------------------
                      00123 
003E   3006           00124 DERECHA:    MOVLW   b'00000110'
003F   0085           00125             MOVWF   PORTA
0040   2???           00126             CALL    PAUSA
0041   3000           00127             MOVLW   00H
0042   0085           00128             MOVWF   PORTA
0043   2???           00129             CALL    PAUSA
0044   019E           00130                         CLRF    MOV
0045   141E           00131                         BSF             MOV,0
0046   2???           00132             GOTO    CICLO
                      00133 
0047   3009           00134 IZQUIERDA:  MOVLW   b'00001001'
0048   0085           00135             MOVWF   PORTA
0049   2???           00136             CALL    PAUSA
004A   3000           00137             MOVLW   00H
004B   0085           00138             MOVWF   PORTA
004C   2???           00139             CALL    PAUSA
004D   019E           00140                         CLRF    MOV
004E   149E           00141                         BSF             MOV,1
004F   2???           00142             GOTO    CICLO
                      00143 
0050   3005           00144 ADELANTE:   MOVLW   B'00000101'
0051   0085           00145             MOVWF   PORTA
0052   2???           00146             GOTO    CICLO
                      00147 
0053   081B           00148 ATRAS:      MOVF        AUX16,0
0054   061E           00149                         XORWF   MOV,0
0055   1903           00150                         BTFSC   STATUS,2
0056   2???           00151                         GOTO    ATRI
0057   081C           00152                         MOVF    AUX17,0
0058   061E           00153                         XORWF   MOV,0
0059   1903           00154                         BTFSC   STATUS,2
MPASM  5.35beta                            SL.ASM   5-16-2014  12:11:33         PAGE  4


LOC  OBJECT CODE     LINE SOURCE TEXT
  VALUE

005A   2???           00155                         GOTO    ATRD
005B   2???           00156                         GOTO    CICLO
                      00157 
005C   300A           00158 ATRD:           MOVLW   b'00001010'
005D   0085           00159             MOVWF   PORTA
005E   2???           00160                         CALL    PAUSA
005F   3011           00161             MOVLW   b'00010001'
0060   0085           00162             MOVWF   PORTA
0061   2???           00163             CALL    PAUSA
                      00164                         ;CALL   DERECHA
0062   2???           00165             GOTO    CICLO
                      00166 
0063   300A           00167 ATRI:           MOVLW   b'00001010'
0064   0085           00168             MOVWF   PORTA
0065   2???           00169                         CALL    PAUSA
0066   3014           00170             MOVLW   b'00010100'
0067   0085           00171             MOVWF   PORTA
0068   2???           00172             CALL    PAUSA
                      00173                         ;CALL   IZQUIERDA
0069   2???           00174             GOTO    CICLO
                      00175 
                      00176 
                      00177 ;----------DELAY 1-----------------------------------------------
                      00178 
006A   3001           00179 PAUSA:      MOVLW   .1
006B   008C           00180             MOVWF   aux1
006C   3028           00181             MOVLW   .40
006D   008D           00182             MOVWF   aux2
006E   3028           00183             MOVLW   .40
006F   008E           00184             MOVWF   aux3
0070   0B8E           00185             DECFSZ  aux3,F
0071   2???           00186             GOTO    $-1
0072   0B8D           00187             DECFSZ  aux2,F
0073   2???           00188             GOTO    $-5
0074   0B8C           00189             DECFSZ  aux1,F
0075   2???           00190             GOTO    $-9
0076   0008           00191             RETURN
                      00192 
                      00193 ;------------DELAY 2-----------------------------------------
                      00194 
0077   3001           00195 PAUSA2:     MOVLW   .1
0078   0098           00196             MOVWF   aux13
0079   30FA           00197             MOVLW   .250
007A   0099           00198             MOVWF   aux14
007B   3078           00199             MOVLW   .120
007C   009A           00200             MOVWF   aux15
007D   2???           00201             GOTO    $-1
007E   0B99           00202             DECFSZ  aux14,F
007F   2???           00203             GOTO    $-5
0080   0B98           00204             DECFSZ  aux13,F
0081   2???           00205             GOTO    $-9
0082   0008           00206             RETURN
                      00207 
MPASM  5.35beta                            SL.ASM   5-16-2014  12:11:33         PAGE  5


LOC  OBJECT CODE     LINE SOURCE TEXT
  VALUE

                      00208 ;---------------FIN----------------
                      00209 
3FF1                  00210             END
MPASM  5.35beta                            SL.ASM   5-16-2014  12:11:33         PAGE  6


SYMBOL TABLE
  LABEL                             VALUE 

ADELANTE                          00000050
ATRAS                             00000053
ATRD                              0000005C
ATRI                              00000063
AUX16                             0000001B
AUX17                             0000001C
C                                 00000000
CICLO                             0000001D
DC                                00000001
DERECHA                           0000003E
EEADR                             00000009
EECON1                            00000088
EECON2                            00000089
EEDATA                            00000008
EEIE                              00000006
EEIF                              00000004
F                                 00000001
FSR                               00000004
GIE                               00000007
INDF                              00000000
INICIO                            00000000
INTCON                            0000000B
INTE                              00000004
INTEDG                            00000006
INTF                              00000001
IRP                               00000007
IZQUIERDA                         00000047
MOV                               0000001E
NOT_PD                            00000003
NOT_RBPU                          00000007
NOT_TO                            00000004
OPTION_REG                        00000081
PAUSA                             0000006A
PAUSA2                            00000077
PCL                               00000002
PCLATH                            0000000A
PORTA                             00000005
PORTB                             00000006
PS0                               00000000
PS1                               00000001
PS2                               00000002
PSA                               00000003
RBIE                              00000003
RBIF                              00000000
RD                                00000000
RP0                               00000005
RP1                               00000006
STATUS                            00000003
T0CS                              00000005
T0IE                              00000005
T0IF                              00000002
T0SE                              00000004
TMR0                              00000001
MPASM  5.35beta                            SL.ASM   5-16-2014  12:11:33         PAGE  7


SYMBOL TABLE
  LABEL                             VALUE 

TRISA                             00000085
TRISB                             00000086
W                                 00000000
WR                                00000001
WREN                              00000002
WRERR                             00000003
Z                                 00000002
_.org_0_0071                      00000071
_.org_0_0073                      00000073
_.org_0_0075                      00000075
_.org_0_007D                      0000007D
_.org_0_007F                      0000007F
_.org_0_0081                      00000081
_CP_OFF                           00003FFF
_CP_ON                            0000000F
_HS_OSC                           00003FFE
_LP_OSC                           00003FFC
_PWRTE_OFF                        00003FFF
_PWRTE_ON                         00003FF7
_RC_OSC                           00003FFF
_WDT_OFF                          00003FFB
_WDT_ON                           00003FFF
_XT_OSC                           00003FFD
__16F84A                          00000001
__DEBUG                           1
aux1                              0000000C
aux10                             00000015
aux11                             00000016
aux12                             00000017
aux13                             00000018
aux14                             00000019
aux15                             0000001A
aux2                              0000000D
aux3                              0000000E
aux4                              0000000F
aux5                              00000010
aux6                              00000011
aux7                              00000012
aux8                              00000013
aux9                              00000014
contador                          0000001D

Errors   :     0
Warnings :     0 reported,     0 suppressed
Messages :     2 reported,     0 suppressed

